06/19/2023 08:19:15 PM Moving file: education_2021.xlsx to /home/astro/shared/projects/bls_scraping_data_job/data/www-bls-gov_oes_additional-htm/education_2021.xlsx
06/19/2023 08:19:15 PM Moving file: education_2022.xlsx to /home/astro/shared/projects/bls_scraping_data_job/data/www-bls-gov_oes_additional-htm/education_2022.xlsx
06/19/2023 08:19:15 PM Moving file: ag_data_2011.xlsx to /home/astro/shared/projects/bls_scraping_data_job/data/www-bls-gov_oes_additional-htm/ag_data_2011.xlsx
06/19/2023 08:19:15 PM Moving file: purchasing_power.xlsx to /home/astro/shared/projects/bls_scraping_data_job/data/www-bls-gov_oes_additional-htm/purchasing_power.xlsx
06/19/2023 08:19:15 PM Moving file: stem_2022.xlsx to /home/astro/shared/projects/bls_scraping_data_job/data/www-bls-gov_oes_additional-htm/stem_2022.xlsx
06/19/2023 08:19:15 PM Moving file: education_2019.xlsx to /home/astro/shared/projects/bls_scraping_data_job/data/www-bls-gov_oes_additional-htm/education_2019.xlsx
06/19/2023 08:19:15 PM Moving file: stem_2021.xlsx to /home/astro/shared/projects/bls_scraping_data_job/data/www-bls-gov_oes_additional-htm/stem_2021.xlsx
06/19/2023 08:19:15 PM Moving file: stem_2020.xlsx to /home/astro/shared/projects/bls_scraping_data_job/data/www-bls-gov_oes_additional-htm/stem_2020.xlsx
06/19/2023 08:19:15 PM Moving file: education_2020.xlsx to /home/astro/shared/projects/bls_scraping_data_job/data/www-bls-gov_oes_additional-htm/education_2020.xlsx
06/19/2023 08:19:15 PM Moving file: stem_2019.xlsx to /home/astro/shared/projects/bls_scraping_data_job/data/www-bls-gov_oes_additional-htm/stem_2019.xlsx
06/19/2023 08:20:25 PM Created zip file: www-bls-gov_oes_additional-htm.zip, Size: 12565188612 bytes
06/19/2023 08:20:25 PM Deleting original files in /data/www-bls-gov_oes_additional-htm
06/19/2023 08:20:25 PM Creating new directory in /analysis for folder: www-bls-gov_oes_additional-htm
06/19/2023 08:20:25 PM Unzipping main zip file: www-bls-gov_oes_additional-htm.zip
06/19/2023 08:20:25 PM Exception occurred
Traceback (most recent call last):
  File "/shared/projects/bls_scraping_data_job/scripts/analyze_data.py", line 38, in analyze_data
    with ZipFile(f"/home/astro/shared/projects/bls_scraping_data_job/data/{folder_name}/{folder_name}.zip", 'r') as zipf:
         ^^^^^^^^^^^^^^^^^^^^^^^^^^^^^^^^^^^^^^^^^^^^^^^^^^^^^^^^^^^^^^^^^^^^^^^^^^^^^^^^^^^^^^^^^^^^^^^^^^^^^^^
  File "/usr/lib/python3.11/zipfile.py", line 1299, in __init__
    self._RealGetContents()
  File "/usr/lib/python3.11/zipfile.py", line 1366, in _RealGetContents
    raise BadZipFile("File is not a zip file")
zipfile.BadZipFile: File is not a zip file
